gradle-build/app/outputs/logs/manifest-merger-release-report.txt
-- Merging decision tree log ---
manifest
ADDED from src\main\AndroidManifest.xml:2:1-113:12
INJECTED from src\main\AndroidManifest.xml:2:1-113:12
INJECTED from src\main\AndroidManifest.xml:2:1-113:12
INJECTED from src\main\AndroidManifest.xml:2:1-113:12
MERGED from [:lib_common] AndroidManifest.xml:2:1-16:12
MERGED from [com.android.databinding:adapters:1.3.1] AndroidManifest.xml:17:1-26:12
MERGED from [com.android.databinding:library:1.3.1] AndroidManifest.xml:17:1-26:12
MERGED from [:lib_recorder] AndroidManifest.xml:2:1-68:12
MERGED from [:Aliyunplayer:player_demo] AndroidManifest.xml:2:1-41:12
MERGED from [AliyunVodPlayer-3.4.7.aar] AndroidManifest.xml:2:1-14:12
MERGED from [:zxing] AndroidManifest.xml:2:1-27:12
MERGED from [com.android.support:design:24.2.1] AndroidManifest.xml:17:1-24:12
MERGED from [pub.devrel:easypermissions:0.2.1] AndroidManifest.xml:2:1-14:12
MERGED from [com.android.support:appcompat-v7:24.2.1] AndroidManifest.xml:17:1-27:12
MERGED from [com.flyco.tablayout:FlycoTabLayout_Lib:2.1.2] AndroidManifest.xml:2:1-12:12
MERGED from [com.sina.weibo.sdk:core:4.3.0] AndroidManifest.xml:2:1-42:12
MERGED from [com.liulishuo.filedownloader:library:1.6.9] AndroidManifest.xml:2:1-18:12
MERGED from [com.android.support.constraint:constraint-layout:1.1.3] AndroidManifest.xml:2:1-11:12
MERGED from [com.android.support:multidex:1.0.2] AndroidManifest.xml:17:1-22:12
MERGED from [com.alibaba:arouter-api:1.2.4] AndroidManifest.xml:2:1-10:12
MERGED from [com.zzhoujay.richtext:richtext:3.0.7] AndroidManifest.xml:2:1-12:12
MERGED from [com.android.support:support-v4:26.1.0] AndroidManifest.xml:17:1-31:12
MERGED from [com.android.support:animated-vector-drawable:24.2.1] AndroidManifest.xml:17:1-24:12
MERGED from [com.android.support:support-vector-drawable:24.2.1] AndroidManifest.xml:17:1-25:12
MERGED from [:AliyunSnap:snap_core] AndroidManifest.xml:2:1-123:12
MERGED from [com.github.bumptech.glide:okhttp3-integration:1.4.0] AndroidManifest.xml:2:1-17:12
MERGED from [com.aliyun.dpa:oss-android-sdk:2.4.5] AndroidManifest.xml:2:1-22:12
MERGED from [:Aliyunplayer:AlivcPlayer] AndroidManifest.xml:2:1-14:12
MERGED from [:Aliyunplayer:AlivcReporter] AndroidManifest.xml:2:1-17:12
MERGED from [com.android.support:recyclerview-v7:26.1.0] AndroidManifest.xml:17:1-28:12
MERGED from [com.android.support:cardview-v7:24.2.1] AndroidManifest.xml:17:1-24:12
MERGED from [android.arch.lifecycle:extensions:1.1.0] AndroidManifest.xml:17:1-30:12
MERGED from [com.jakewharton:butterknife:8.8.1] AndroidManifest.xml:2:1-7:12
MERGED from [com.android.support:support-fragment:26.1.0] AndroidManifest.xml:17:1-31:12
MERGED from [com.android.support:support-core-ui:26.1.0] AndroidManifest.xml:17:1-31:12
MERGED from [com.android.support:support-media-compat:26.1.0] AndroidManifest.xml:17:1-31:12
MERGED from [com.android.support:support-core-utils:26.1.0] AndroidManifest.xml:17:1-31:12
MERGED from [com.android.support:support-compat:26.1.0] AndroidManifest.xml:17:1-31:12
MERGED from [android.arch.lifecycle:runtime:1.1.0] AndroidManifest.xml:17:1-22:12
MERGED from [io.reactivex.rxjava2:rxandroid:2.0.1] AndroidManifest.xml:15:1-21:12
MERGED from [com.zzhoujay:html:1.0.1] AndroidManifest.xml:2:1-12:12
MERGED from [android.arch.lifecycle:livedata:1.1.0] AndroidManifest.xml:17:1-22:12
MERGED from [android.arch.lifecycle:livedata-core:1.1.0] AndroidManifest.xml:17:1-22:12
MERGED from [android.arch.core:runtime:1.1.0] AndroidManifest.xml:17:1-22:12
MERGED from [android.arch.lifecycle:viewmodel:1.1.0] AndroidManifest.xml:17:1-22:12
MERGED from [com.zzhoujay.markdown:markdown:1.0.5] AndroidManifest.xml:2:1-14:12
INJECTED from src\main\AndroidManifest.xml:2:1-113:12
INJECTED from src\main\AndroidManifest.xml:2:1-113:12
INJECTED from src\main\AndroidManifest.xml:2:1-113:12
	package
		ADDED from src\main\AndroidManifest.xml:4:5-33
		INJECTED from src\main\AndroidManifest.xml
		INJECTED from src\main\AndroidManifest.xml
	android:versionName
		INJECTED from src\main\AndroidManifest.xml
		ADDED from src\main\AndroidManifest.xml:2:1-113:12
		INJECTED from src\main\AndroidManifest.xml
	xmlns:tools
		ADDED from src\main\AndroidManifest.xml:3:5-51
	android:versionCode
		INJECTED from src\main\AndroidManifest.xml
		ADDED from src\main\AndroidManifest.xml:2:1-113:12
		INJECTED from src\main\AndroidManifest.xml
	xmlns:android
		ADDED from src\main\AndroidManifest.xml:2:11-69
uses-permission#android.permission.INTERNET
ADDED from src\main\AndroidManifest.xml:6:5-67
MERGED from [:lib_common] AndroidManifest.xml:14:5-67
MERGED from [:lib_common] AndroidManifest.xml:14:5-67
MERGED from [:Aliyunplayer:player_demo] AndroidManifest.xml:13:5-67
MERGED from [:Aliyunplayer:player_demo] AndroidManifest.xml:13:5-67
MERGED from [:zxing] AndroidManifest.xml:11:5-67
MERGED from [:zxing] AndroidManifest.xml:11:5-67
MERGED from [:AliyunSnap:snap_core] AndroidManifest.xml:12:5-67
MERGED from [:AliyunSnap:snap_core] AndroidManifest.xml:12:5-67
MERGED from [com.aliyun.dpa:oss-android-sdk:2.4.5] AndroidManifest.xml:11:5-67
MERGED from [com.aliyun.dpa:oss-android-sdk:2.4.5] AndroidManifest.xml:11:5-67
MERGED from [:Aliyunplayer:AlivcReporter] AndroidManifest.xml:12:5-67
MERGED from [:Aliyunplayer:AlivcReporter] AndroidManifest.xml:12:5-67
	android:name
		ADDED from src\main\AndroidManifest.xml:6:22-64
uses-permission#android.permission.VIBRATE
ADDED from src\main\AndroidManifest.xml:7:5-66
MERGED from [:zxing] AndroidManifest.xml:12:5-66
MERGED from [:zxing] AndroidManifest.xml:12:5-66
	android:name
		ADDED from src\main\AndroidManifest.xml:7:22-63
uses-permission#android.permission.RECORD_AUDIO
ADDED from src\main\AndroidManifest.xml:8:5-71
MERGED from [:AliyunSnap:snap_core] AndroidManifest.xml:17:5-71
MERGED from [:AliyunSnap:snap_core] AndroidManifest.xml:17:5-71
	android:name
		ADDED from src\main\AndroidManifest.xml:8:22-68
uses-permission#android.permission.CAMERA
ADDED from src\main\AndroidManifest.xml:9:5-65
MERGED from [:zxing] AndroidManifest.xml:13:5-65
MERGED from [:zxing] AndroidManifest.xml:13:5-65
MERGED from [:AliyunSnap:snap_core] AndroidManifest.xml:16:5-65
MERGED from [:AliyunSnap:snap_core] AndroidManifest.xml:16:5-65
	android:name
		ADDED from src\main\AndroidManifest.xml:9:22-62
uses-permission#android.permission.ACCESS_NETWORK_STATE
ADDED from src\main\AndroidManifest.xml:10:5-79
MERGED from [:lib_common] AndroidManifest.xml:11:5-79
MERGED from [:lib_common] AndroidManifest.xml:11:5-79
MERGED from [:Aliyunplayer:player_demo] AndroidManifest.xml:11:5-79
MERGED from [:Aliyunplayer:player_demo] AndroidManifest.xml:11:5-79
MERGED from [:AliyunSnap:snap_core] AndroidManifest.xml:23:5-79
MERGED from [:AliyunSnap:snap_core] AndroidManifest.xml:23:5-79
MERGED from [com.aliyun.dpa:oss-android-sdk:2.4.5] AndroidManifest.xml:12:5-79
MERGED from [com.aliyun.dpa:oss-android-sdk:2.4.5] AndroidManifest.xml:12:5-79
MERGED from [:Aliyunplayer:AlivcReporter] AndroidManifest.xml:11:5-79
MERGED from [:Aliyunplayer:AlivcReporter] AndroidManifest.xml:11:5-79
	android:name
		ADDED from src\main\AndroidManifest.xml:10:22-76
uses-permission#android.permission.WRITE_EXTERNAL_STORAGE
ADDED from src\main\AndroidManifest.xml:12:5-81
MERGED from [:Aliyunplayer:player_demo] AndroidManifest.xml:14:5-81
MERGED from [:Aliyunplayer:player_demo] AndroidManifest.xml:14:5-81
MERGED from [:AliyunSnap:snap_core] AndroidManifest.xml:14:5-81
MERGED from [:AliyunSnap:snap_core] AndroidManifest.xml:14:5-81
MERGED from [com.aliyun.dpa:oss-android-sdk:2.4.5] AndroidManifest.xml:14:5-81
MERGED from [com.aliyun.dpa:oss-android-sdk:2.4.5] AndroidManifest.xml:14:5-81
	android:name
		ADDED from src\main\AndroidManifest.xml:12:22-78
uses-permission#android.permission.MOUNT_UNMOUNT_FILESYSTEMS
ADDED from src\main\AndroidManifest.xml:13:5-84
MERGED from [:AliyunSnap:snap_core] AndroidManifest.xml:13:5-84
MERGED from [:AliyunSnap:snap_core] AndroidManifest.xml:13:5-84
	android:name
		ADDED from src\main\AndroidManifest.xml:13:22-81
uses-permission#android.permission.ACCESS_FINE_LOCATION
ADDED from src\main\AndroidManifest.xml:14:5-79
	android:name
		ADDED from src\main\AndroidManifest.xml:14:22-76
uses-permission#android.permission.GET_TASKS
ADDED from src\main\AndroidManifest.xml:15:5-68
	android:name
		ADDED from src\main\AndroidManifest.xml:15:22-65
uses-permission#android.permission.ACCESS_WIFI_STATE
ADDED from src\main\AndroidManifest.xml:16:5-76
MERGED from [:lib_common] AndroidManifest.xml:12:5-76
MERGED from [:lib_common] AndroidManifest.xml:12:5-76
MERGED from [:Aliyunplayer:player_demo] AndroidManifest.xml:12:5-76
MERGED from [:Aliyunplayer:player_demo] AndroidManifest.xml:12:5-76
MERGED from [AliyunVodPlayer-3.4.7.aar] AndroidManifest.xml:11:5-76
MERGED from [AliyunVodPlayer-3.4.7.aar] AndroidManifest.xml:11:5-76
MERGED from [com.aliyun.dpa:oss-android-sdk:2.4.5] AndroidManifest.xml:13:5-76
MERGED from [com.aliyun.dpa:oss-android-sdk:2.4.5] AndroidManifest.xml:13:5-76
MERGED from [:Aliyunplayer:AlivcPlayer] AndroidManifest.xml:11:5-76
MERGED from [:Aliyunplayer:AlivcPlayer] AndroidManifest.xml:11:5-76
	android:name
		ADDED from src\main\AndroidManifest.xml:16:22-73
uses-permission#android.permission.CHANGE_WIFI_STATE
ADDED from src\main\AndroidManifest.xml:17:5-76
MERGED from [AliyunVodPlayer-3.4.7.aar] AndroidManifest.xml:12:5-76
MERGED from [AliyunVodPlayer-3.4.7.aar] AndroidManifest.xml:12:5-76
MERGED from [com.aliyun.dpa:oss-android-sdk:2.4.5] AndroidManifest.xml:15:5-76
MERGED from [com.aliyun.dpa:oss-android-sdk:2.4.5] AndroidManifest.xml:15:5-76
	android:name
		ADDED from src\main\AndroidManifest.xml:17:22-73
uses-permission#android.permission.WAKE_LOCK
ADDED from src\main\AndroidManifest.xml:18:5-68
MERGED from [:Aliyunplayer:player_demo] AndroidManifest.xml:15:5-68
MERGED from [:Aliyunplayer:player_demo] AndroidManifest.xml:15:5-68
	android:name
		ADDED from src\main\AndroidManifest.xml:18:22-65
uses-permission#android.permission.MODIFY_AUDIO_SETTINGS
ADDED from src\main\AndroidManifest.xml:19:5-80
	android:name
		ADDED from src\main\AndroidManifest.xml:19:22-77
uses-permission#android.permission.READ_PHONE_STATE
ADDED from src\main\AndroidManifest.xml:20:5-75
MERGED from [:Aliyunplayer:player_demo] AndroidManifest.xml:16:5-75
MERGED from [:Aliyunplayer:player_demo] AndroidManifest.xml:16:5-75
	android:name
		ADDED from src\main\AndroidManifest.xml:20:22-72
uses-permission#android.permission.RECEIVE_BOOT_COMPLETED
ADDED from src\main\AndroidManifest.xml:21:5-81
	android:name
		ADDED from src\main\AndroidManifest.xml:21:22-78
uses-permission#android.permission.READ_EXTERNAL_STORAGE
ADDED from src\main\AndroidManifest.xml:22:5-80
MERGED from [:Aliyunplayer:player_demo] AndroidManifest.xml:18:5-80
MERGED from [:Aliyunplayer:player_demo] AndroidManifest.xml:18:5-80
MERGED from [:AliyunSnap:snap_core] AndroidManifest.xml:15:5-80
MERGED from [:AliyunSnap:snap_core] AndroidManifest.xml:15:5-80
	android:name
		ADDED from src\main\AndroidManifest.xml:22:22-77
uses-permission#android.permission.BLUETOOTH
ADDED from src\main\AndroidManifest.xml:23:5-68
	android:name
		ADDED from src\main\AndroidManifest.xml:23:22-65
uses-permission#android.permission.SYSTEM_ALERT_WINDOW
ADDED from src\main\AndroidManifest.xml:24:5-78
	android:name
		ADDED from src\main\AndroidManifest.xml:24:22-75
application
ADDED from src\main\AndroidManifest.xml:26:5-111:19
MERGED from [:lib_recorder] AndroidManifest.xml:12:5-66:19
MERGED from [:lib_recorder] AndroidManifest.xml:12:5-66:19
MERGED from [:Aliyunplayer:player_demo] AndroidManifest.xml:20:5-39:19
MERGED from [:Aliyunplayer:player_demo] AndroidManifest.xml:20:5-39:19
MERGED from [:zxing] AndroidManifest.xml:17:5-25:19
MERGED from [:zxing] AndroidManifest.xml:17:5-25:19
MERGED from [com.android.support:design:24.2.1] AndroidManifest.xml:22:5-20
MERGED from [com.android.support:design:24.2.1] AndroidManifest.xml:22:5-20
MERGED from [pub.devrel:easypermissions:0.2.1] AndroidManifest.xml:12:5-20
MERGED from [pub.devrel:easypermissions:0.2.1] AndroidManifest.xml:12:5-20
MERGED from [com.android.support:appcompat-v7:24.2.1] AndroidManifest.xml:25:5-20
MERGED from [com.android.support:appcompat-v7:24.2.1] AndroidManifest.xml:25:5-20
MERGED from [com.sina.weibo.sdk:core:4.3.0] AndroidManifest.xml:11:5-40:19
MERGED from [com.sina.weibo.sdk:core:4.3.0] AndroidManifest.xml:11:5-40:19
MERGED from [com.liulishuo.filedownloader:library:1.6.9] AndroidManifest.xml:11:5-16:19
MERGED from [com.liulishuo.filedownloader:library:1.6.9] AndroidManifest.xml:11:5-16:19
MERGED from [com.android.support.constraint:constraint-layout:1.1.3] AndroidManifest.xml:9:5-20
MERGED from [com.android.support.constraint:constraint-layout:1.1.3] AndroidManifest.xml:9:5-20
MERGED from [com.android.support:support-v4:26.1.0] AndroidManifest.xml:25:5-29:19
MERGED from [com.android.support:support-v4:26.1.0] AndroidManifest.xml:25:5-29:19
MERGED from [com.android.support:animated-vector-drawable:24.2.1] AndroidManifest.xml:22:5-20
MERGED from [com.android.support:animated-vector-drawable:24.2.1] AndroidManifest.xml:22:5-20
MERGED from [com.android.support:support-vector-drawable:24.2.1] AndroidManifest.xml:23:5-20
MERGED from [com.android.support:support-vector-drawable:24.2.1] AndroidManifest.xml:23:5-20
MERGED from [:AliyunSnap:snap_core] AndroidManifest.xml:25:5-121:19
MERGED from [:AliyunSnap:snap_core] AndroidManifest.xml:25:5-121:19
MERGED from [com.github.bumptech.glide:okhttp3-integration:1.4.0] AndroidManifest.xml:11:5-15:19
MERGED from [com.github.bumptech.glide:okhttp3-integration:1.4.0] AndroidManifest.xml:11:5-15:19
MERGED from [com.aliyun.dpa:oss-android-sdk:2.4.5] AndroidManifest.xml:17:5-20:19
MERGED from [com.aliyun.dpa:oss-android-sdk:2.4.5] AndroidManifest.xml:17:5-20:19
MERGED from [:Aliyunplayer:AlivcReporter] AndroidManifest.xml:14:5-15:19
MERGED from [:Aliyunplayer:AlivcReporter] AndroidManifest.xml:14:5-15:19
MERGED from [com.android.support:recyclerview-v7:26.1.0] AndroidManifest.xml:22:5-26:19
MERGED from [com.android.support:recyclerview-v7:26.1.0] AndroidManifest.xml:22:5-26:19
MERGED from [com.android.support:cardview-v7:24.2.1] AndroidManifest.xml:22:5-20
MERGED from [com.android.support:cardview-v7:24.2.1] AndroidManifest.xml:22:5-20
MERGED from [android.arch.lifecycle:extensions:1.1.0] AndroidManifest.xml:22:5-28:19
MERGED from [android.arch.lifecycle:extensions:1.1.0] AndroidManifest.xml:22:5-28:19
MERGED from [com.android.support:support-fragment:26.1.0] AndroidManifest.xml:25:5-29:19
MERGED from [com.android.support:support-fragment:26.1.0] AndroidManifest.xml:25:5-29:19
MERGED from [com.android.support:support-core-ui:26.1.0] AndroidManifest.xml:25:5-29:19
MERGED from [com.android.support:support-core-ui:26.1.0] AndroidManifest.xml:25:5-29:19
MERGED from [com.android.support:support-media-compat:26.1.0] AndroidManifest.xml:25:5-29:19
MERGED from [com.android.support:support-media-compat:26.1.0] AndroidManifest.xml:25:5-29:19
MERGED from [com.android.support:support-core-utils:26.1.0] AndroidManifest.xml:25:5-29:19
MERGED from [com.android.support:support-core-utils:26.1.0] AndroidManifest.xml:25:5-29:19
MERGED from [com.android.support:support-compat:26.1.0] AndroidManifest.xml:25:5-29:19
MERGED from [com.android.support:support-compat:26.1.0] AndroidManifest.xml:25:5-29:19
MERGED from [com.zzhoujay.markdown:markdown:1.0.5] AndroidManifest.xml:12:5-20
MERGED from [com.zzhoujay.markdown:markdown:1.0.5] AndroidManifest.xml:12:5-20
	android:supportsRtl
		ADDED from src\main\AndroidManifest.xml:32:9-35
	android:label
		ADDED from src\main\AndroidManifest.xml:30:9-41
	tools:ignore
		ADDED from src\main\AndroidManifest.xml:34:9-48
	android:roundIcon
		ADDED from src\main\AndroidManifest.xml:31:9-41
	android:icon
		ADDED from src\main\AndroidManifest.xml:29:9-36
	android:allowBackup
		ADDED from src\main\AndroidManifest.xml:28:9-35
	android:theme
		ADDED from src\main\AndroidManifest.xml:33:9-40
	android:name
		ADDED from src\main\AndroidManifest.xml:27:9-49
activity#com.ccee.videotool.wxapi.WXEntryActivity
ADDED from src\main\AndroidManifest.xml:37:9-41:75
	android:label
		ADDED from src\main\AndroidManifest.xml:40:13-45
	android:exported
		ADDED from src\main\AndroidManifest.xml:39:13-36
	android:theme
		ADDED from src\main\AndroidManifest.xml:41:13-72
	android:name
		ADDED from src\main\AndroidManifest.xml:38:13-50
activity#com.tencent.tauth.AuthActivity
ADDED from src\main\AndroidManifest.xml:43:9-55:20
	android:launchMode
		ADDED from src\main\AndroidManifest.xml:45:13-44
	android:noHistory
		ADDED from src\main\AndroidManifest.xml:46:13-37
	android:name
		ADDED from src\main\AndroidManifest.xml:44:13-58
intent-filter#android.intent.action.VIEW+android.intent.category.BROWSABLE+android.intent.category.DEFAULT
ADDED from src\main\AndroidManifest.xml:47:13-54:29
action#android.intent.action.VIEW
ADDED from src\main\AndroidManifest.xml:48:17-69
	android:name
		ADDED from src\main\AndroidManifest.xml:48:25-66
category#android.intent.category.DEFAULT
ADDED from src\main\AndroidManifest.xml:50:17-76
	android:name
		ADDED from src\main\AndroidManifest.xml:50:27-73
category#android.intent.category.BROWSABLE
ADDED from src\main\AndroidManifest.xml:51:17-78
	android:name
		ADDED from src\main\AndroidManifest.xml:51:27-75
data
ADDED from src\main\AndroidManifest.xml:53:17-60
	android:scheme
		ADDED from src\main\AndroidManifest.xml:53:23-57
activity#com.tencent.connect.common.AssistActivity
ADDED from src\main\AndroidManifest.xml:56:9-59:75
	android:configChanges
		ADDED from src\main\AndroidManifest.xml:58:13-74
	android:theme
		ADDED from src\main\AndroidManifest.xml:59:13-72
	android:name
		ADDED from src\main\AndroidManifest.xml:57:13-69
activity#com.ccee.videotool.view.activity.MainActivity
ADDED from src\main\AndroidManifest.xml:60:9-64:58
	android:screenOrientation
		ADDED from src\main\AndroidManifest.xml:63:13-49
	android:windowSoftInputMode
		ADDED from src\main\AndroidManifest.xml:64:13-55
	android:configChanges
		ADDED from src\main\AndroidManifest.xml:62:13-83
	android:name
		ADDED from src\main\AndroidManifest.xml:61:13-55
activity#com.ccee.videotool.view.activity.SplashActivity
ADDED from src\main\AndroidManifest.xml:65:9-74:20
	android:screenOrientation
		ADDED from src\main\AndroidManifest.xml:67:13-49
	android:theme
		ADDED from src\main\AndroidManifest.xml:68:13-46
	android:name
		ADDED from src\main\AndroidManifest.xml:66:13-57
intent-filter#android.intent.action.MAIN+android.intent.category.LAUNCHER
ADDED from src\main\AndroidManifest.xml:69:13-73:29
action#android.intent.action.MAIN
ADDED from src\main\AndroidManifest.xml:70:17-69
	android:name
		ADDED from src\main\AndroidManifest.xml:70:25-66
category#android.intent.category.LAUNCHER
ADDED from src\main\AndroidManifest.xml:72:17-77
	android:name
		ADDED from src\main\AndroidManifest.xml:72:27-74
activity#com.ccee.videotool.view.activity.LoginActivity
ADDED from src\main\AndroidManifest.xml:75:9-78:71
	android:screenOrientation
		ADDED from src\main\AndroidManifest.xml:77:13-49
	android:theme
		ADDED from src\main\AndroidManifest.xml:78:13-68
	android:name
		ADDED from src\main\AndroidManifest.xml:76:13-56
activity#com.ccee.videotool.view.activity.SysSettingActivity
ADDED from src\main\AndroidManifest.xml:79:9-81:52
	android:screenOrientation
		ADDED from src\main\AndroidManifest.xml:81:13-49
	android:name
		ADDED from src\main\AndroidManifest.xml:80:13-61
activity#com.ccee.videotool.view.activity.AuditNoticeActivity
ADDED from src\main\AndroidManifest.xml:82:9-84:52
	android:screenOrientation
		ADDED from src\main\AndroidManifest.xml:84:13-49
	android:name
		ADDED from src\main\AndroidManifest.xml:83:13-62
activity#com.ccee.videotool.view.activity.VideoDetailActivity
ADDED from src\main\AndroidManifest.xml:85:9-88:52
	android:screenOrientation
		ADDED from src\main\AndroidManifest.xml:88:13-49
	android:configChanges
		ADDED from src\main\AndroidManifest.xml:87:13-96
	android:name
		ADDED from src\main\AndroidManifest.xml:86:13-62
activity#com.ccee.videotool.share.activity.WBShareActivity
ADDED from src\main\AndroidManifest.xml:89:9-68
	android:name
		ADDED from src\main\AndroidManifest.xml:89:19-65
activity#com.ccee.videotool.view.activity.VideoEditActivity
ADDED from src\main\AndroidManifest.xml:90:9-92:52
	android:screenOrientation
		ADDED from src\main\AndroidManifest.xml:92:13-49
	android:name
		ADDED from src\main\AndroidManifest.xml:91:13-60
activity#com.ccee.videotool.view.activity.ChooseArticlesActivity
ADDED from src\main\AndroidManifest.xml:93:9-97:70
	android:screenOrientation
		ADDED from src\main\AndroidManifest.xml:95:13-49
	android:windowSoftInputMode
		ADDED from src\main\AndroidManifest.xml:97:13-67
	android:theme
		ADDED from src\main\AndroidManifest.xml:96:13-68
	android:name
		ADDED from src\main\AndroidManifest.xml:94:13-65
activity#com.ccee.videotool.view.activity.UpLoadVideoActivity
ADDED from src\main\AndroidManifest.xml:98:9-100:52
	android:screenOrientation
		ADDED from src\main\AndroidManifest.xml:100:13-49
	android:name
		ADDED from src\main\AndroidManifest.xml:99:13-62
activity#com.ccee.videotool.view.activity.VideoPlayActivity
ADDED from src\main\AndroidManifest.xml:101:9-104:49
	android:screenOrientation
		ADDED from src\main\AndroidManifest.xml:103:13-49
	android:theme
		ADDED from src\main\AndroidManifest.xml:104:13-46
	android:name
		ADDED from src\main\AndroidManifest.xml:102:13-60
activity#com.ccee.videotool.view.activity.AgreementActivity
ADDED from src\main\AndroidManifest.xml:105:9-107:52
	android:screenOrientation
		ADDED from src\main\AndroidManifest.xml:107:13-49
	android:name
		ADDED from src\main\AndroidManifest.xml:106:13-60
activity#com.ccee.videotool.update.UpdateActivity
ADDED from src\main\AndroidManifest.xml:108:9-110:50
	android:theme
		ADDED from src\main\AndroidManifest.xml:110:13-47
	android:name
		ADDED from src\main\AndroidManifest.xml:109:13-50
uses-sdk
INJECTED from src\main\AndroidManifest.xml reason: use-sdk injection requested
INJECTED from src\main\AndroidManifest.xml
INJECTED from src\main\AndroidManifest.xml
MERGED from [:lib_common] AndroidManifest.xml:7:5-9:41
MERGED from [:lib_common] AndroidManifest.xml:7:5-9:41
MERGED from [com.android.databinding:adapters:1.3.1] AndroidManifest.xml:22:5-24:41
MERGED from [com.android.databinding:adapters:1.3.1] AndroidManifest.xml:22:5-24:41
MERGED from [com.android.databinding:library:1.3.1] AndroidManifest.xml:22:5-24:41
MERGED from [com.android.databinding:library:1.3.1] AndroidManifest.xml:22:5-24:41
MERGED from [:lib_recorder] AndroidManifest.xml:8:5-10:41
MERGED from [:lib_recorder] AndroidManifest.xml:8:5-10:41
MERGED from [:Aliyunplayer:player_demo] AndroidManifest.xml:7:5-9:41
MERGED from [:Aliyunplayer:player_demo] AndroidManifest.xml:7:5-9:41
MERGED from [AliyunVodPlayer-3.4.7.aar] AndroidManifest.xml:7:5-9:41
MERGED from [AliyunVodPlayer-3.4.7.aar] AndroidManifest.xml:7:5-9:41
MERGED from [:zxing] AndroidManifest.xml:7:5-9:41
MERGED from [:zxing] AndroidManifest.xml:7:5-9:41
MERGED from [com.android.support:design:24.2.1] AndroidManifest.xml:20:5-43
MERGED from [com.android.support:design:24.2.1] AndroidManifest.xml:20:5-43
MERGED from [pub.devrel:easypermissions:0.2.1] AndroidManifest.xml:8:5-10:41
MERGED from [pub.devrel:easypermissions:0.2.1] AndroidManifest.xml:8:5-10:41
MERGED from [com.android.support:appcompat-v7:24.2.1] AndroidManifest.xml:21:5-23:78
MERGED from [com.android.support:appcompat-v7:24.2.1] AndroidManifest.xml:21:5-23:78
MERGED from [com.flyco.tablayout:FlycoTabLayout_Lib:2.1.2] AndroidManifest.xml:8:5-10:41
MERGED from [com.flyco.tablayout:FlycoTabLayout_Lib:2.1.2] AndroidManifest.xml:8:5-10:41
MERGED from [com.sina.weibo.sdk:core:4.3.0] AndroidManifest.xml:7:5-9:41
MERGED from [com.sina.weibo.sdk:core:4.3.0] AndroidManifest.xml:7:5-9:41
MERGED from [com.liulishuo.filedownloader:library:1.6.9] AndroidManifest.xml:7:5-9:41
MERGED from [com.liulishuo.filedownloader:library:1.6.9] AndroidManifest.xml:7:5-9:41
MERGED from [com.android.support.constraint:constraint-layout:1.1.3] AndroidManifest.xml:5:5-7:41
MERGED from [com.android.support.constraint:constraint-layout:1.1.3] AndroidManifest.xml:5:5-7:41
MERGED from [com.android.support:multidex:1.0.2] AndroidManifest.xml:20:5-43
MERGED from [com.android.support:multidex:1.0.2] AndroidManifest.xml:20:5-43
MERGED from [com.alibaba:arouter-api:1.2.4] AndroidManifest.xml:6:5-8:41
MERGED from [com.alibaba:arouter-api:1.2.4] AndroidManifest.xml:6:5-8:41
MERGED from [com.zzhoujay.richtext:richtext:3.0.7] AndroidManifest.xml:8:5-10:41
MERGED from [com.zzhoujay.richtext:richtext:3.0.7] AndroidManifest.xml:8:5-10:41
MERGED from [com.android.support:support-v4:26.1.0] AndroidManifest.xml:21:5-23:54
MERGED from [com.android.support:support-v4:26.1.0] AndroidManifest.xml:21:5-23:54
MERGED from [com.android.support:animated-vector-drawable:24.2.1] AndroidManifest.xml:20:5-44
MERGED from [com.android.support:animated-vector-drawable:24.2.1] AndroidManifest.xml:20:5-44
MERGED from [com.android.support:support-vector-drawable:24.2.1] AndroidManifest.xml:21:5-43
MERGED from [com.android.support:support-vector-drawable:24.2.1] AndroidManifest.xml:21:5-43
MERGED from [:AliyunSnap:snap_core] AndroidManifest.xml:8:5-10:41
MERGED from [:AliyunSnap:snap_core] AndroidManifest.xml:8:5-10:41
MERGED from [com.github.bumptech.glide:okhttp3-integration:1.4.0] AndroidManifest.xml:7:5-9:41
MERGED from [com.github.bumptech.glide:okhttp3-integration:1.4.0] AndroidManifest.xml:7:5-9:41
MERGED from [com.aliyun.dpa:oss-android-sdk:2.4.5] AndroidManifest.xml:7:5-9:41
MERGED from [com.aliyun.dpa:oss-android-sdk:2.4.5] AndroidManifest.xml:7:5-9:41
MERGED from [:Aliyunplayer:AlivcPlayer] AndroidManifest.xml:7:5-9:41
MERGED from [:Aliyunplayer:AlivcPlayer] AndroidManifest.xml:7:5-9:41
MERGED from [:Aliyunplayer:AlivcReporter] AndroidManifest.xml:7:5-9:41
MERGED from [:Aliyunplayer:AlivcReporter] AndroidManifest.xml:7:5-9:41
MERGED from [com.android.support:recyclerview-v7:26.1.0] AndroidManifest.xml:20:5-44
MERGED from [com.android.support:recyclerview-v7:26.1.0] AndroidManifest.xml:20:5-44
MERGED from [com.android.support:cardview-v7:24.2.1] AndroidManifest.xml:20:5-43
MERGED from [com.android.support:cardview-v7:24.2.1] AndroidManifest.xml:20:5-43
MERGED from [android.arch.lifecycle:extensions:1.1.0] AndroidManifest.xml:20:5-44
MERGED from [android.arch.lifecycle:extensions:1.1.0] AndroidManifest.xml:20:5-44
MERGED from [com.jakewharton:butterknife:8.8.1] AndroidManifest.xml:5:5-43
MERGED from [com.jakewharton:butterknife:8.8.1] AndroidManifest.xml:5:5-43
MERGED from [com.android.support:support-fragment:26.1.0] AndroidManifest.xml:21:5-23:60
MERGED from [com.android.support:support-fragment:26.1.0] AndroidManifest.xml:21:5-23:60
MERGED from [com.android.support:support-core-ui:26.1.0] AndroidManifest.xml:21:5-23:58
MERGED from [com.android.support:support-core-ui:26.1.0] AndroidManifest.xml:21:5-23:58
MERGED from [com.android.support:support-media-compat:26.1.0] AndroidManifest.xml:21:5-23:63
MERGED from [com.android.support:support-media-compat:26.1.0] AndroidManifest.xml:21:5-23:63
MERGED from [com.android.support:support-core-utils:26.1.0] AndroidManifest.xml:21:5-23:61
MERGED from [com.android.support:support-core-utils:26.1.0] AndroidManifest.xml:21:5-23:61
MERGED from [com.android.support:support-compat:26.1.0] AndroidManifest.xml:21:5-23:58
MERGED from [com.android.support:support-compat:26.1.0] AndroidManifest.xml:21:5-23:58
MERGED from [android.arch.lifecycle:runtime:1.1.0] AndroidManifest.xml:20:5-44
MERGED from [android.arch.lifecycle:runtime:1.1.0] AndroidManifest.xml:20:5-44
MERGED from [io.reactivex.rxjava2:rxandroid:2.0.1] AndroidManifest.xml:19:5-43
MERGED from [io.reactivex.rxjava2:rxandroid:2.0.1] AndroidManifest.xml:19:5-43
MERGED from [com.zzhoujay:html:1.0.1] AndroidManifest.xml:8:5-10:41
MERGED from [com.zzhoujay:html:1.0.1] AndroidManifest.xml:8:5-10:41
MERGED from [android.arch.lifecycle:livedata:1.1.0] AndroidManifest.xml:20:5-44
MERGED from [android.arch.lifecycle:livedata:1.1.0] AndroidManifest.xml:20:5-44
MERGED from [android.arch.lifecycle:livedata-core:1.1.0] AndroidManifest.xml:20:5-44
MERGED from [android.arch.lifecycle:livedata-core:1.1.0] AndroidManifest.xml:20:5-44
MERGED from [android.arch.core:runtime:1.1.0] AndroidManifest.xml:20:5-44
MERGED from [android.arch.core:runtime:1.1.0] AndroidManifest.xml:20:5-44
MERGED from [android.arch.lifecycle:viewmodel:1.1.0] AndroidManifest.xml:20:5-44
MERGED from [android.arch.lifecycle:viewmodel:1.1.0] AndroidManifest.xml:20:5-44
MERGED from [com.zzhoujay.markdown:markdown:1.0.5] AndroidManifest.xml:8:5-10:41
MERGED from [com.zzhoujay.markdown:markdown:1.0.5] AndroidManifest.xml:8:5-10:41
INJECTED from src\main\AndroidManifest.xml
INJECTED from src\main\AndroidManifest.xml
	tools:overrideLibrary
		ADDED from [com.android.support:appcompat-v7:24.2.1] AndroidManifest.xml:23:9-75
	android:targetSdkVersion
		INJECTED from src\main\AndroidManifest.xml
		ADDED from src\main\AndroidManifest.xml
		INJECTED from src\main\AndroidManifest.xml
	android:minSdkVersion
		INJECTED from src\main\AndroidManifest.xml
		ADDED from src\main\AndroidManifest.xml
		INJECTED from src\main\AndroidManifest.xml
uses-permission#android.permission.CALL_PHONE
ADDED from [:lib_common] AndroidManifest.xml:13:5-69
	android:name
		ADDED from [:lib_common] AndroidManifest.xml:13:22-66
activity#com.aliyun.demo.snap.SnapCropSetting
ADDED from [:lib_recorder] AndroidManifest.xml:15:9-24:20
	android:screenOrientation
		ADDED from [:lib_recorder] AndroidManifest.xml:17:13-49
	android:windowSoftInputMode
		ADDED from [:lib_recorder] AndroidManifest.xml:18:13-52
	android:name
		ADDED from [:lib_recorder] AndroidManifest.xml:16:13-64
intent-filter#android.intent.category.DEFAULT+com.aliyun.action.snapcrop
ADDED from [:lib_recorder] AndroidManifest.xml:19:13-23:29
action#com.aliyun.action.snapcrop
ADDED from [:lib_recorder] AndroidManifest.xml:20:17-69